2025-07-28 20:07:23,819 - INFO - Starting experiment...
2025-07-28 20:07:23,820 - INFO - Step 1: Loading and preprocessing data...
2025-07-28 20:07:23,846 - INFO - Step 2: Creating missing values in the test set...
2025-07-28 20:07:23,849 - INFO - --- Processing model: SAITS ---
2025-07-28 20:07:24,108 - INFO - Fitting SAITS...
2025-07-28 20:07:30,045 - INFO - SAITS fitting finished in 5.94 seconds.
2025-07-28 20:07:30,046 - INFO - Imputing with SAITS...
2025-07-28 20:07:30,273 - INFO - SAITS imputation finished in 0.23 seconds.
2025-07-28 20:07:30,276 - INFO - Evaluating SAITS...
2025-07-28 20:07:30,284 - INFO - Metrics for SAITS: {'mae': 0.16450208555622559, 'mse': 0.1172601634543928, 'mre': 0.19797402041140919, 'model': 'SAITS', 'fit_time_sec': 5.935988426208496, 'impute_time_sec': 0.22751927375793457}
2025-07-28 20:07:30,285 - INFO - Generating multi-feature plot for SAITS...
2025-07-28 20:07:30,909 - INFO - --- Processing model: BRITS ---
2025-07-28 20:07:30,938 - INFO - Fitting BRITS...
2025-07-28 20:17:40,806 - INFO - BRITS fitting finished in 609.87 seconds.
2025-07-28 20:17:40,806 - INFO - Imputing with BRITS...
2025-07-28 20:17:52,456 - INFO - BRITS imputation finished in 11.65 seconds.
2025-07-28 20:17:52,458 - INFO - Evaluating BRITS...
2025-07-28 20:17:52,465 - INFO - Metrics for BRITS: {'mae': 0.2828040877953625, 'mse': 0.1505293380248255, 'mre': 0.3403474312214286, 'model': 'BRITS', 'fit_time_sec': 609.8677043914795, 'impute_time_sec': 11.650055170059204}
2025-07-28 20:17:52,465 - INFO - Generating multi-feature plot for BRITS...
2025-07-28 20:17:52,689 - INFO - --- Processing model: MyLSTM ---
2025-07-28 20:17:52,724 - INFO - Fitting MyLSTM...
2025-07-28 20:17:53,698 - INFO - MyLSTM fitting finished in 0.97 seconds.
2025-07-28 20:17:53,699 - INFO - Imputing with MyLSTM...
2025-07-28 20:17:53,706 - INFO - MyLSTM imputation finished in 0.01 seconds.
2025-07-28 20:17:53,708 - INFO - Evaluating MyLSTM...
2025-07-28 20:17:53,715 - INFO - Metrics for MyLSTM: {'mae': 0.5555258782395908, 'mse': 0.46617497056120955, 'mre': 0.66856107742221, 'model': 'MyLSTM', 'fit_time_sec': 0.9743092060089111, 'impute_time_sec': 0.006170511245727539}
2025-07-28 20:17:53,715 - INFO - Generating multi-feature plot for MyLSTM...
2025-07-28 20:17:53,956 - INFO - Metrics summary saved.
2025-07-28 20:17:54,190 - INFO - Metrics comparison plot saved.
2025-07-28 20:17:54,190 - INFO - Generating combined imputation plot for all models...
2025-07-28 20:17:54,489 - INFO - Combined plot saved.
2025-07-28 20:17:54,489 - INFO - Experiment finished.
